Vivado Simulator 2018.3
Copyright 1986-1999, 2001-2018 Xilinx, Inc. All Rights Reserved.
Running: E:/Xilinx/Vivado/2018.3/bin/unwrapped/win64.o/xelab.exe -wto dacf33a2d54e466abf3d3f213f5150e0 --incr --debug typical --relax --mt 2 -L xil_defaultlib -L blk_mem_gen_v8_4_2 -L unisims_ver -L unimacro_ver -L secureip -L xpm --snapshot MiniMIPS32_SYS_tb_behav xil_defaultlib.MiniMIPS32_SYS_tb xil_defaultlib.glbl -log elaborate.log 
Using 2 slave threads.
Starting static elaboration
Completed static elaboration
Starting simulation data flow analysis
Completed simulation data flow analysis
Time Resolution for simulation is 1ps
Compiling module unisims_ver.IBUFDS
Compiling module unisims_ver.MMCME2_ADV(CLKIN1_PERIOD=5.0,CLK...
Compiling module unisims_ver.BUFG
Compiling module xil_defaultlib.clkdiv_clk_wiz
Compiling module xil_defaultlib.clkdiv
Compiling module blk_mem_gen_v8_4_2.blk_mem_gen_v8_4_2_output_stage(...
Compiling module blk_mem_gen_v8_4_2.blk_mem_gen_v8_4_2_output_stage(...
Compiling module blk_mem_gen_v8_4_2.blk_mem_gen_v8_4_2_softecc_outpu...
Compiling module blk_mem_gen_v8_4_2.blk_mem_gen_v8_4_2_mem_module(C_...
Compiling module blk_mem_gen_v8_4_2.blk_mem_gen_v8_4_2(C_FAMILY="kin...
Compiling module xil_defaultlib.inst_rom
Compiling module xil_defaultlib.if_stage
Compiling module xil_defaultlib.ifid_reg
Compiling module xil_defaultlib.DCU
Compiling module xil_defaultlib.regfile
Compiling module xil_defaultlib.id_stage
Compiling module xil_defaultlib.idexe_reg
Compiling module xil_defaultlib.ALU
Compiling module xil_defaultlib.exe_stage
Compiling module xil_defaultlib.exemem_reg
Compiling module xil_defaultlib.MCU
Compiling module unisims_ver.GND
Compiling module unisims_ver.RB36_INTERNAL_VLOG(RDADDR_COLLIS...
Compiling module unisims_ver.RAMB36E1(RDADDR_COLLISION_HWCONF...
Compiling module xil_defaultlib.data_ram_blk_mem_gen_prim_wrappe...
Compiling module xil_defaultlib.data_ram_blk_mem_gen_prim_width
Compiling module unisims_ver.RB36_INTERNAL_VLOG(RDADDR_COLLIS...
Compiling module unisims_ver.RAMB36E1(INIT_00=256'b0101000000...
Compiling module xil_defaultlib.data_ram_blk_mem_gen_prim_wrappe...
Compiling module xil_defaultlib.data_ram_blk_mem_gen_prim_width_...
Compiling module xil_defaultlib.data_ram_blk_mem_gen_generic_cst...
Compiling module xil_defaultlib.data_ram_blk_mem_gen_top
Compiling module xil_defaultlib.data_ram_blk_mem_gen_v8_4_2_synt...
Compiling module xil_defaultlib.data_ram_blk_mem_gen_v8_4_2
Compiling module xil_defaultlib.data_ram
Compiling module xil_defaultlib.mem_stage
Compiling module xil_defaultlib.memwb_reg
Compiling module xil_defaultlib.wb_stage
Compiling module xil_defaultlib.MiniMIPS32
Compiling module xil_defaultlib.MiniMIPS32_SYS
Compiling module xil_defaultlib.MiniMIPS32_SYS_tb
Compiling module xil_defaultlib.glbl
Built simulation snapshot MiniMIPS32_SYS_tb_behav
